0 info it worked if it ends with ok
1 verbose cli [ '/Users/qiusz/.nvm/versions/node/v6.9.0/bin/node',
1 verbose cli   '/Users/qiusz/.nvm/versions/node/v6.9.0/bin/npm',
1 verbose cli   'install',
1 verbose cli   '@types/boxed',
1 verbose cli   '--save' ]
2 info using npm@3.10.8
3 info using node@v6.9.0
4 silly loadCurrentTree Starting
5 silly install loadCurrentTree
6 silly install readLocalPackageData
7 silly fetchPackageMetaData @types/boxed
8 silly fetchNamedPackageData @types/boxed
9 silly mapToRegistry name @types/boxed
10 silly mapToRegistry scope (from package name) @types
11 verbose mapToRegistry no registry URL found in name for scope @types
12 silly mapToRegistry using default registry
13 silly mapToRegistry registry http://100.73.16.43:4873/
14 silly mapToRegistry data Result {
14 silly mapToRegistry   raw: '@types/boxed',
14 silly mapToRegistry   scope: '@types',
14 silly mapToRegistry   escapedName: '@types%2fboxed',
14 silly mapToRegistry   name: '@types/boxed',
14 silly mapToRegistry   rawSpec: '',
14 silly mapToRegistry   spec: 'latest',
14 silly mapToRegistry   type: 'tag' }
15 silly mapToRegistry uri http://100.73.16.43:4873/@types%2fboxed
16 verbose request uri http://100.73.16.43:4873/@types%2fboxed
17 verbose request no auth needed
18 info attempt registry request try #1 at 14:25:59
19 verbose request using bearer token for auth
20 verbose request id f7fe54e5558e7891
21 http request GET http://100.73.16.43:4873/@types%2fboxed
22 http 404 http://100.73.16.43:4873/@types%2fboxed
23 verbose headers { 'x-powered-by': 'Sinopia/1.4.0',
23 verbose headers   'content-type': 'application/json; charset=utf-8',
23 verbose headers   'content-length': '43',
23 verbose headers   etag: 'W/"2b-7YjXxxHAGzhwn4RodAjZew"',
23 verbose headers   vary: 'Accept-Encoding',
23 verbose headers   'x-status-cat': 'http://flic.kr/p/aV6juR',
23 verbose headers   date: 'Fri, 15 Dec 2017 06:25:59 GMT',
23 verbose headers   connection: 'keep-alive' }
24 silly get cb [ 404,
24 silly get   { 'x-powered-by': 'Sinopia/1.4.0',
24 silly get     'content-type': 'application/json; charset=utf-8',
24 silly get     'content-length': '43',
24 silly get     etag: 'W/"2b-7YjXxxHAGzhwn4RodAjZew"',
24 silly get     vary: 'Accept-Encoding',
24 silly get     'x-status-cat': 'http://flic.kr/p/aV6juR',
24 silly get     date: 'Fri, 15 Dec 2017 06:25:59 GMT',
24 silly get     connection: 'keep-alive' } ]
25 silly fetchPackageMetaData Error: no such package available : @types/boxed
25 silly fetchPackageMetaData     at makeError (/Users/qiusz/.nvm/versions/node/v6.9.0/lib/node_modules/npm/node_modules/npm-registry-client/lib/request.js:302:12)
25 silly fetchPackageMetaData     at CachingRegistryClient.<anonymous> (/Users/qiusz/.nvm/versions/node/v6.9.0/lib/node_modules/npm/node_modules/npm-registry-client/lib/request.js:290:14)
25 silly fetchPackageMetaData     at Request._callback (/Users/qiusz/.nvm/versions/node/v6.9.0/lib/node_modules/npm/node_modules/npm-registry-client/lib/request.js:210:14)
25 silly fetchPackageMetaData     at Request.self.callback (/Users/qiusz/.nvm/versions/node/v6.9.0/lib/node_modules/npm/node_modules/request/request.js:187:22)
25 silly fetchPackageMetaData     at emitTwo (events.js:106:13)
25 silly fetchPackageMetaData     at Request.emit (events.js:191:7)
25 silly fetchPackageMetaData     at Request.<anonymous> (/Users/qiusz/.nvm/versions/node/v6.9.0/lib/node_modules/npm/node_modules/request/request.js:1044:10)
25 silly fetchPackageMetaData     at emitOne (events.js:96:13)
25 silly fetchPackageMetaData     at Request.emit (events.js:188:7)
25 silly fetchPackageMetaData     at IncomingMessage.<anonymous> (/Users/qiusz/.nvm/versions/node/v6.9.0/lib/node_modules/npm/node_modules/request/request.js:965:12)
25 silly fetchPackageMetaData  error for @types/boxed { Error: no such package available : @types/boxed
25 silly fetchPackageMetaData     at makeError (/Users/qiusz/.nvm/versions/node/v6.9.0/lib/node_modules/npm/node_modules/npm-registry-client/lib/request.js:302:12)
25 silly fetchPackageMetaData     at CachingRegistryClient.<anonymous> (/Users/qiusz/.nvm/versions/node/v6.9.0/lib/node_modules/npm/node_modules/npm-registry-client/lib/request.js:290:14)
25 silly fetchPackageMetaData     at Request._callback (/Users/qiusz/.nvm/versions/node/v6.9.0/lib/node_modules/npm/node_modules/npm-registry-client/lib/request.js:210:14)
25 silly fetchPackageMetaData     at Request.self.callback (/Users/qiusz/.nvm/versions/node/v6.9.0/lib/node_modules/npm/node_modules/request/request.js:187:22)
25 silly fetchPackageMetaData     at emitTwo (events.js:106:13)
25 silly fetchPackageMetaData     at Request.emit (events.js:191:7)
25 silly fetchPackageMetaData     at Request.<anonymous> (/Users/qiusz/.nvm/versions/node/v6.9.0/lib/node_modules/npm/node_modules/request/request.js:1044:10)
25 silly fetchPackageMetaData     at emitOne (events.js:96:13)
25 silly fetchPackageMetaData     at Request.emit (events.js:188:7)
25 silly fetchPackageMetaData     at IncomingMessage.<anonymous> (/Users/qiusz/.nvm/versions/node/v6.9.0/lib/node_modules/npm/node_modules/request/request.js:965:12) pkgid: '@types/boxed', statusCode: 404, code: 'E404' }
26 silly rollbackFailedOptional Starting
27 silly rollbackFailedOptional Finishing
28 silly runTopLevelLifecycles Finishing
29 silly install printInstalled
30 verbose stack Error: no such package available : @types/boxed
30 verbose stack     at makeError (/Users/qiusz/.nvm/versions/node/v6.9.0/lib/node_modules/npm/node_modules/npm-registry-client/lib/request.js:302:12)
30 verbose stack     at CachingRegistryClient.<anonymous> (/Users/qiusz/.nvm/versions/node/v6.9.0/lib/node_modules/npm/node_modules/npm-registry-client/lib/request.js:290:14)
30 verbose stack     at Request._callback (/Users/qiusz/.nvm/versions/node/v6.9.0/lib/node_modules/npm/node_modules/npm-registry-client/lib/request.js:210:14)
30 verbose stack     at Request.self.callback (/Users/qiusz/.nvm/versions/node/v6.9.0/lib/node_modules/npm/node_modules/request/request.js:187:22)
30 verbose stack     at emitTwo (events.js:106:13)
30 verbose stack     at Request.emit (events.js:191:7)
30 verbose stack     at Request.<anonymous> (/Users/qiusz/.nvm/versions/node/v6.9.0/lib/node_modules/npm/node_modules/request/request.js:1044:10)
30 verbose stack     at emitOne (events.js:96:13)
30 verbose stack     at Request.emit (events.js:188:7)
30 verbose stack     at IncomingMessage.<anonymous> (/Users/qiusz/.nvm/versions/node/v6.9.0/lib/node_modules/npm/node_modules/request/request.js:965:12)
31 verbose statusCode 404
32 verbose pkgid @types/boxed
33 verbose cwd /Users/qiusz/qiushangzhe/myCode/@QTools/qlow
34 error Darwin 16.1.0
35 error argv "/Users/qiusz/.nvm/versions/node/v6.9.0/bin/node" "/Users/qiusz/.nvm/versions/node/v6.9.0/bin/npm" "install" "@types/boxed" "--save"
36 error node v6.9.0
37 error npm  v3.10.8
38 error code E404
39 error 404 no such package available : @types/boxed
40 error 404
41 error 404 '@types/boxed' is not in the npm registry.
42 error 404 You should bug the author to publish it (or use the name yourself!)
43 error 404 Note that you can also install from a
44 error 404 tarball, folder, http url, or git url.
45 verbose exit [ 1, true ]
